#
# There is insufficient memory for the Java Runtime Environment to continue.
# Native memory allocation (mmap) failed to map 268435456 bytes for G1 virtual space
# Possible reasons:
#   The system is out of physical RAM or swap space
#   The process is running with CompressedOops enabled, and the Java Heap may be blocking the growth of the native heap
# Possible solutions:
#   Reduce memory load on the system
#   Increase physical memory or swap space
#   Check if swap backing store is full
#   Decrease Java heap size (-Xmx/-Xms)
#   Decrease number of Java threads
#   Decrease Java thread stack sizes (-Xss)
#   Set larger code cache with -XX:ReservedCodeCacheSize=
#   JVM is running with Zero Based Compressed Oops mode in which the Java heap is
#     placed in the first 32GB address space. The Java Heap base address is the
#     maximum limit for the native heap growth. Please use -XX:HeapBaseMinAddress
#     to set the Java Heap base and to place the Java Heap above 32GB virtual address.
# This output file may be truncated or incomplete.
#
#  Out of Memory Error (./open/src/hotspot/os/windows/os_windows.cpp:3321), pid=13984, tid=16544
#
# JRE version:  (15.0.2+7) (build )
# Java VM: Java HotSpot(TM) 64-Bit Server VM (15.0.2+7-27, mixed mode, sharing, tiered, compressed oops, g1 gc, windows-amd64)
# No core dump will be written. Minidumps are not enabled by default on client versions of Windows
#

---------------  S U M M A R Y ------------

Command Line: -Dfile.encoding=MS950 -XX:+ShowCodeDetailsInExceptionMessages Main

Host: Intel(R) Core(TM) i7-7500U CPU @ 2.70GHz, 4 cores, 15G,  Windows 10 , 64 bit Build 19041 (10.0.19041.1023)
Time: Mon Jun 21 23:04:30 2021 台北標準時間 elapsed time: 0.015480 seconds (0d 0h 0m 0s)

---------------  T H R E A D  ---------------

Current thread (0x000002173d05da80):  JavaThread "Unknown thread" [_thread_in_vm, id=16544, stack(0x0000008a82500000,0x0000008a82600000)]

Stack: [0x0000008a82500000,0x0000008a82600000]
Native frames: (J=compiled Java code, j=interpreted, Vv=VM code, C=native code)
V  [jvm.dll+0x62ae9a]
V  [jvm.dll+0x7817a9]
V  [jvm.dll+0x782f03]
V  [jvm.dll+0x783563]
V  [jvm.dll+0x216325]
V  [jvm.dll+0x6281d9]
V  [jvm.dll+0x61cf55]
V  [jvm.dll+0x2cffdd]
V  [jvm.dll+0x2cfe42]
V  [jvm.dll+0x2d5e1c]
V  [jvm.dll+0x32590a]
V  [jvm.dll+0x324fd4]
V  [jvm.dll+0x2a6f5a]
V  [jvm.dll+0x2a80f8]
V  [jvm.dll+0x75e241]
V  [jvm.dll+0x3341c4]
V  [jvm.dll+0x73e926]
V  [jvm.dll+0x3b7557]
V  [jvm.dll+0x3b8fe1]
C  [jli.dll+0x52fb]
C  [ucrtbase.dll+0x21bb2]
C  [KERNEL32.DLL+0x17034]
C  [ntdll.dll+0x52651]


---------------  P R O C E S S  ---------------

Threads class SMR info:
_java_thread_list=0x00007ff9ad804ff0, length=0, elements={
}

Java Threads: ( => current thread )

Other Threads:
  0x000002173d0ad4b0 GCTaskThread "GC Thread#0" [stack: 0x0000008a82700000,0x0000008a82800000] [id=15620]
  0x000002173d0c04f0 ConcurrentGCThread "G1 Main Marker" [stack: 0x0000008a82800000,0x0000008a82900000] [id=9172]
  0x000002173d0c1950 ConcurrentGCThread "G1 Conc#0" [stack: 0x0000008a82900000,0x0000008a82a00000] [id=15904]

[error occurred during error reporting (printing all threads), id 0xc0000005, EXCEPTION_ACCESS_VIOLATION (0xc0000005) at pc=0x00007ff9acff7e27]

VM state: not at safepoint (not fully initialized)

VM Mutex/Monitor currently owned by a thread:  ([mutex/lock_event])
[0x000002173d059df0] Heap_lock - owner thread: 0x000002173d05da80

Heap address: 0x0000000701c00000, size: 4068 MB, Compressed Oops mode: Zero based, Oop shift amount: 3
CDS archive(s) mapped at: [0x0000000000000000-0x0000000000000000-0x0000000000000000), size 0, SharedBaseAddress: 0x0000000800000000, ArchiveRelocationMode: 0.
Narrow klass base: 0x0000000000000000, Narrow klass shift: 0, Narrow klass range: 0x0

Heap:
 garbage-first heap   total 262144K, used 0K [0x0000000701c00000, 0x0000000800000000)
  region size 2048K, 0 young (0K), 0 survivors (0K)
 Metaspace       used 0K, capacity 0K, committed 0K, reserved 0K
  class space    used 0K, capacity 0K, committed 0K, reserved 0K

Heap Regions: E=young(eden), S=young(survivor), O=old, HS=humongous(starts), HC=humongous(continues), CS=collection set, F=free, OA=open archive, CA=closed archive, TAMS=top-at-mark-start (previous, next)

Card table byte_map: [0x00000217568b0000,0x00000217570b0000] _byte_map_base: 0x00000217530a2000

Marking Bits (Prev, Next): (CMBitMap*) 0x000002173d0afc50, (CMBitMap*) 0x000002173d0afc90
 Prev Bits: [0x00000217578b0000, 0x000002175b840000)
 Next Bits: [0x000002175b840000, 0x000002175f7d0000)

GC Heap History (0 events):
No events

Deoptimization events (0 events):
No events

Classes unloaded (0 events):
No events

Classes redefined (0 events):
No events

Internal exceptions (0 events):
No events

Events (1 events):
Event: 0.008 Loaded shared library D:\ProgramLanguage\Java\jdk-15.0.2\bin\java.dll


Dynamic libraries:
0x00007ff640cb0000 - 0x00007ff640cbf000 	D:\ProgramLanguage\Java\jdk-15.0.2\bin\javaw.exe
0x00007ff9f5a10000 - 0x00007ff9f5c05000 	C:\Windows\SYSTEM32\ntdll.dll
0x00007ff9f4060000 - 0x00007ff9f411d000 	C:\Windows\System32\KERNEL32.DLL
0x00007ff9f3150000 - 0x00007ff9f3418000 	C:\Windows\System32\KERNELBASE.dll
0x00007ff9f3980000 - 0x00007ff9f3a80000 	C:\Windows\System32\ucrtbase.dll
0x00007ff9ed740000 - 0x00007ff9ed758000 	D:\ProgramLanguage\Java\jdk-15.0.2\bin\jli.dll
0x00007ff9f44b0000 - 0x00007ff9f455c000 	C:\Windows\System32\ADVAPI32.dll
0x00007ff9f4410000 - 0x00007ff9f44ae000 	C:\Windows\System32\msvcrt.dll
0x00007ff9f5840000 - 0x00007ff9f58db000 	C:\Windows\System32\sechost.dll
0x00007ff9f42c0000 - 0x00007ff9f43eb000 	C:\Windows\System32\RPCRT4.dll
0x00007ff9f4120000 - 0x00007ff9f42c0000 	C:\Windows\System32\USER32.dll
0x00007ff9f3530000 - 0x00007ff9f3552000 	C:\Windows\System32\win32u.dll
0x00007ff9f4b30000 - 0x00007ff9f4b5a000 	C:\Windows\System32\GDI32.dll
0x00007ff9f3870000 - 0x00007ff9f397b000 	C:\Windows\System32\gdi32full.dll
0x00007ff9f35c0000 - 0x00007ff9f365d000 	C:\Windows\System32\msvcp_win.dll
0x00007ff9ed570000 - 0x00007ff9ed589000 	D:\ProgramLanguage\Java\jdk-15.0.2\bin\VCRUNTIME140.dll
0x00007ff9dfab0000 - 0x00007ff9dfd4a000 	C:\Windows\WinSxS\amd64_microsoft.windows.common-controls_6595b64144ccf1df_6.0.19041.1052_none_60b8f8fd71f5e8cb\COMCTL32.dll
0x00007ff9eb390000 - 0x00007ff9eb39a000 	C:\Windows\SYSTEM32\VERSION.dll
0x00007ff9f45f0000 - 0x00007ff9f4620000 	C:\Windows\System32\IMM32.DLL
0x00007ff9ee000000 - 0x00007ff9ee00c000 	D:\ProgramLanguage\Java\jdk-15.0.2\bin\vcruntime140_1.dll
0x00007ff9cf850000 - 0x00007ff9cf8e1000 	D:\ProgramLanguage\Java\jdk-15.0.2\bin\msvcp140.dll
0x00007ff9acd40000 - 0x00007ff9ad89e000 	D:\ProgramLanguage\Java\jdk-15.0.2\bin\server\jvm.dll
0x00007ff9f4bc0000 - 0x00007ff9f4bc8000 	C:\Windows\System32\PSAPI.DLL
0x00007ff9db290000 - 0x00007ff9db299000 	C:\Windows\SYSTEM32\WSOCK32.dll
0x00007ff9f3d40000 - 0x00007ff9f3dab000 	C:\Windows\System32\WS2_32.dll
0x00007ff9df870000 - 0x00007ff9df897000 	C:\Windows\SYSTEM32\WINMM.dll
0x00007ff9f1a20000 - 0x00007ff9f1a32000 	C:\Windows\SYSTEM32\kernel.appcore.dll
0x00007ff9edfe0000 - 0x00007ff9edfea000 	D:\ProgramLanguage\Java\jdk-15.0.2\bin\jimage.dll
0x00007ff9f1580000 - 0x00007ff9f1764000 	C:\Windows\SYSTEM32\DBGHELP.DLL
0x00007ff9d64e0000 - 0x00007ff9d650c000 	C:\Windows\SYSTEM32\dbgcore.DLL
0x00007ff9f3420000 - 0x00007ff9f34a3000 	C:\Windows\System32\bcryptPrimitives.dll
0x00007ff9eb800000 - 0x00007ff9eb825000 	D:\ProgramLanguage\Java\jdk-15.0.2\bin\java.dll

dbghelp: loaded successfully - version: 4.0.5 - missing functions: none
symbol engine: initialized successfully - sym options: 0x614 - pdb path: .;D:\ProgramLanguage\Java\jdk-15.0.2\bin;C:\Windows\SYSTEM32;C:\Windows\WinSxS\amd64_microsoft.windows.common-controls_6595b64144ccf1df_6.0.19041.1052_none_60b8f8fd71f5e8cb;D:\ProgramLanguage\Java\jdk-15.0.2\bin\server

VM Arguments:
jvm_args: -Dfile.encoding=MS950 -XX:+ShowCodeDetailsInExceptionMessages 
java_command: Main
java_class_path (initial): D:\CodingWorkplace\Java_workplace\eclipse\Stacks_of_Flapjacks\bin
Launcher Type: SUN_STANDARD

[Global flags]
     intx CICompilerCount                          = 3                                         {product} {ergonomic}
     uint ConcGCThreads                            = 1                                         {product} {ergonomic}
     uint G1ConcRefinementThreads                  = 4                                         {product} {ergonomic}
   size_t G1HeapRegionSize                         = 2097152                                   {product} {ergonomic}
    uintx GCDrainStackTargetSize                   = 64                                        {product} {ergonomic}
   size_t InitialHeapSize                          = 268435456                                 {product} {ergonomic}
   size_t MarkStackSize                            = 4194304                                   {product} {ergonomic}
   size_t MaxHeapSize                              = 4265607168                                {product} {ergonomic}
   size_t MinHeapDeltaBytes                        = 2097152                                   {product} {ergonomic}
   size_t MinHeapSize                              = 8388608                                   {product} {ergonomic}
    uintx NonNMethodCodeHeapSize                   = 5832780                                {pd product} {ergonomic}
    uintx NonProfiledCodeHeapSize                  = 122912730                              {pd product} {ergonomic}
    uintx ProfiledCodeHeapSize                     = 122912730                              {pd product} {ergonomic}
    uintx ReservedCodeCacheSize                    = 251658240                              {pd product} {ergonomic}
     bool SegmentedCodeCache                       = true                                      {product} {ergonomic}
     bool ShowCodeDetailsInExceptionMessages       = true                                   {manageable} {command line}
   size_t SoftMaxHeapSize                          = 4265607168                             {manageable} {ergonomic}
     bool UseCompressedClassPointers               = true                                 {lp64_product} {ergonomic}
     bool UseCompressedOops                        = true                                 {lp64_product} {ergonomic}
     bool UseG1GC                                  = true                                      {product} {ergonomic}
     bool UseLargePagesIndividualAllocation        = false                                  {pd product} {ergonomic}

Logging:
Log output configuration:
 #0: stdout all=warning uptime,level,tags
 #1: stderr all=off uptime,level,tags

Environment Variables:
PATH=C:\Program Files\Common Files\Oracle\Java\javapath;C:\Windows\system32;C:\Windows;C:\Windows\System32\Wbem;C:\Windows\System32\WindowsPowerShell\v1.0\;C:\Windows\System32\OpenSSH\;D:\ProgramLanguage\anaconda3;D:\ProgramLanguage\anaconda3\Library\mingw-w64\bin;D:\ProgramLanguage\anaconda3\Library\usr\bin;D:\ProgramLanguage\anaconda3\Library\bin;D:\ProgramLanguage\anaconda3\Scripts;C:\Users\travi\AppData\Local\Microsoft\WindowsApps;D:\IDEs\VScode\bin;D:\Terminals\mingw-w64\x86_64-8.1.0-posix-seh-rt_v6-rev0\mingw64\bin;;D:\intelFPGA\19.1\modelsim_ase\win32aloem
USERNAME=travi
OS=Windows_NT
PROCESSOR_IDENTIFIER=Intel64 Family 6 Model 142 Stepping 9, GenuineIntel



---------------  S Y S T E M  ---------------

OS:
 Windows 10 , 64 bit Build 19041 (10.0.19041.1023)
OS uptime: 5 days 1:25 hours

CPU: total 4 (initial active 4) (2 cores per cpu, 2 threads per core) family 6 model 142 stepping 9 microcode 0xde, cmov, cx8, fxsr, mmx, sse, sse2, sse3, ssse3, sse4.1, sse4.2, popcnt, vzeroupper, avx, avx2, aes, clmul, erms, 3dnowpref, lzcnt, ht, tsc, tscinvbit, bmi1, bmi2, adx, fma, clflush, clflushopt

Memory: 4k page, system-wide physical 16270M (6518M free)
TotalPageFile size 31423M (AvailPageFile size 134M)
current process WorkingSet (physical memory assigned to process): 10M, peak: 10M
current process commit charge ("private bytes"): 51M, peak: 307M

vm_info: Java HotSpot(TM) 64-Bit Server VM (15.0.2+7-27) for windows-amd64 JRE (15.0.2+7-27), built on Dec  7 2020 20:07:01 by "mach5one" with unknown MS VC++:1925

END.
